INFO:prepare_data_functions:====================STARTING MAIN PROGRAM====================
INFO:prepare_data_functions:Operation started at 16:27:26.141102
INFO:prepare_data_functions:h5 file will be stored in C:\Users\arad572\Documents\Summer Research\Summer Research Code\prepare_data\h5_files
INFO:prepare_data_functions:Output filename: UK_Biobank_500cases.h5
INFO:prepare_data_functions:Creating h5 file from 500 pointer files

INFO:prepare_data_functions:Shuffling data...
INFO:prepare_data_functions:Obtaining data for train set
INFO:prepare_data_functions:No landmark coordinates for patient 2Z_XE_7T_DQ_Bio
ERROR:prepare_data_functions:Missing zip file. PatID: 4JCJBFH3 FolderID: 3830323
INFO:prepare_data_functions:No landmark coordinates for patient 4C_PV_M7_E9
INFO:prepare_data_functions:No landmark coordinates for patient 4J_T6_56_MZ_Bio
ERROR:prepare_data_functions:Missing zip file. PatID: 4HT2M24Q FolderID: 1556262
INFO:prepare_data_functions:No landmark coordinates for patient 2F_AQ_J4_3N_Bio
INFO:prepare_data_functions:No landmark coordinates for patient 44_U6_NH_TN_Bio
INFO:prepare_data_functions:No landmark coordinates for patient 23_M8_VF_2C_Bio
ERROR:prepare_data_functions:Missing zip file. PatID: 44USYT2C FolderID: 4274562
ERROR:prepare_data_functions:Missing zip file. PatID: 44DE7SF7 FolderID: 2098111
INFO:prepare_data_functions:No landmark coordinates for patient 4C_Z9_74_CH_Bio
INFO:prepare_data_functions:No landmark coordinates for patient 48_83_Z4_42
INFO:prepare_data_functions:No landmark coordinates for patient 4J_J2_UC_N2_Bio
INFO:prepare_data_functions:No landmark coordinates for patient 4H_NP_Y7_HU_Bio
INFO:prepare_data_functions:No landmark coordinates for patient 4C_MM_VV_5M_Bio
INFO:prepare_data_functions:No landmark coordinates for patient 4H_ET_9X_9N
INFO:prepare_data_functions:No landmark coordinates for patient 4J_VS_73_D9
INFO:prepare_data_functions:No landmark coordinates for patient 4J_QV_FV_UP_Bio
INFO:prepare_data_functions:No landmark coordinates for patient 44_Z6_66_VU
INFO:prepare_data_functions:No landmark coordinates for patient 4J_C3_Q9_9V
ERROR:prepare_data_functions:Missing zip file. PatID: 4H4M7CCH FolderID: 1499474
INFO:prepare_data_functions:No landmark coordinates for patient 3X_4S_UJ_PB
INFO:prepare_data_functions:Finished creating train set
INFO:prepare_data_functions:Total number of unique cases: 274
INFO:prepare_data_functions:Total number of slices: 755
INFO:prepare_data_functions:Elapsed time: 0.0 hours 47.0 minutes 22 seconds

INFO:prepare_data_functions:Obtaining data for validation set
INFO:prepare_data_functions:No landmark coordinates for patient 4H_AB_P2_6S_Bio
INFO:prepare_data_functions:No landmark coordinates for patient 4J_2E_25_MF_Bio
INFO:prepare_data_functions:No landmark coordinates for patient 4J_4S_UF_X7_Bio
INFO:prepare_data_functions:No landmark coordinates for patient 4H_6C_JZ_VE
INFO:prepare_data_functions:No landmark coordinates for patient 4H_YQ_65_KS
INFO:prepare_data_functions:No landmark coordinates for patient 48_NJ_A4_M9
INFO:prepare_data_functions:No landmark coordinates for patient 44_ZK_SN_SS
INFO:prepare_data_functions:No landmark coordinates for patient 4J_Y5_B5__XN
INFO:prepare_data_functions:No landmark coordinates for patient 4H_NU_KM_8B_Bio
INFO:prepare_data_functions:Finished creating validation set
INFO:prepare_data_functions:Total number of unique cases: 91
INFO:prepare_data_functions:Total number of slices: 251
INFO:prepare_data_functions:Elapsed time: 0.0 hours 16.0 minutes 35 seconds

INFO:prepare_data_functions:Obtaining data for test set
INFO:prepare_data_functions:No landmark coordinates for patient 4J_YY_BX_3F
INFO:prepare_data_functions:No landmark coordinates for patient 44_SH_7V_7C_Bio
INFO:prepare_data_functions:No landmark coordinates for patient 4J_J6_YS_YN_Bio
INFO:prepare_data_functions:No landmark coordinates for patient 4H_VX_TS_MS_Bio
INFO:prepare_data_functions:No landmark coordinates for patient 4J_JV_5B_PC
INFO:prepare_data_functions:No landmark coordinates for patient 45_9B_EX_5B_Bio
INFO:prepare_data_functions:Finished creating test set
INFO:prepare_data_functions:Total number of unique cases: 94
INFO:prepare_data_functions:Total number of slices: 246
INFO:prepare_data_functions:Elapsed time: 0.0 hours 16.0 minutes 19 seconds

INFO:prepare_data_functions:====================H5 FILE CREATION FINISHED!====================
INFO:prepare_data_functions:h5 file: C:\Users\arad572\Documents\Summer Research\Summer Research Code\prepare_data\h5_files\UK_Biobank_500cases.h5
INFO:prepare_data_functions:Operation finished at 2019-01-21 17:47:44.014083
INFO:prepare_data_functions:Total elapsed time: 1.0 hours 20.0 minutes 17 seconds

